<?xml version="1.0" encoding="UTF-8"?>
<!-- Generated by org.testng.reporters.JUnitReportReporter -->
<testsuite hostname="localhost" name="Webq.Case.CaseWebq" tests="4" failures="0" timestamp="17 Nov 2016 06:08:20 GMT" time="73.753" errors="0">
  <testcase name="TestWebq1" time="17.230" classname="Webq.Case.CaseWebq"/>
  <testcase name="TestWebq3" time="53.704" classname="Webq.Case.CaseWebq"/>
  <testcase name="TestWebq2" time="2.818" classname="Webq.Case.CaseWebq"/>
  <testcase name="TestWebq4" time="0.001" classname="Webq.Case.CaseWebq"/>
</testsuite> <!-- Webq.Case.CaseWebq -->
