<?xml version="1.0" encoding="UTF-8"?>
<!-- Generated by org.testng.reporters.JUnitReportReporter -->
<testsuite hostname="localhost" name="Webq.Case.CaseWebq" tests="4" failures="0" timestamp="16 Nov 2016 10:43:10 GMT" time="68.965" errors="0">
  <testcase name="TestWebq4" time="0.000" classname="Webq.Case.CaseWebq"/>
  <testcase name="TestWebq3" time="51.582" classname="Webq.Case.CaseWebq"/>
  <testcase name="TestWebq2" time="2.760" classname="Webq.Case.CaseWebq"/>
  <testcase name="TestWebq1" time="14.623" classname="Webq.Case.CaseWebq"/>
</testsuite> <!-- Webq.Case.CaseWebq -->
