<?xml version="1.0" encoding="UTF-8"?>
<!-- Generated by org.testng.reporters.JUnitReportReporter -->
<testsuite hostname="localhost" name="Webq.Case.CaseWAP" tests="4" failures="0" timestamp="16 Nov 2016 10:43:10 GMT" time="67.121" errors="0">
  <testcase name="TestWap2" time="12.349" classname="Webq.Case.CaseWAP"/>
  <testcase name="TestWap1" time="1.815" classname="Webq.Case.CaseWAP"/>
  <testcase name="TestWap3" time="52.957" classname="Webq.Case.CaseWAP"/>
  <testcase name="TestWap4" time="0.000" classname="Webq.Case.CaseWAP"/>
</testsuite> <!-- Webq.Case.CaseWAP -->
