<?xml version="1.0" encoding="UTF-8"?>
<!-- Generated by org.testng.reporters.JUnitReportReporter -->
<testsuite hostname="localhost" name="Webq.Case.CaseWAP" tests="4" failures="0" timestamp="17 Nov 2016 06:08:20 GMT" time="72.990" errors="0">
  <testcase name="TestWap3" time="57.369" classname="Webq.Case.CaseWAP"/>
  <testcase name="TestWap4" time="0.001" classname="Webq.Case.CaseWAP"/>
  <testcase name="TestWap1" time="2.884" classname="Webq.Case.CaseWAP"/>
  <testcase name="TestWap2" time="12.736" classname="Webq.Case.CaseWAP"/>
</testsuite> <!-- Webq.Case.CaseWAP -->
